<?xml version="1.0" encoding="UTF-8"?>
<!-- Generated by org.testng.reporters.JUnitXMLReporter -->
<testsuite ignored="1" hostname="LIN-5CD536D4C0" failures="0" tests="1" name="Default test" time="12.004" errors="0" timestamp="2026-04-15T12:24:43 IST">
  <testcase classname="testcases.RegisterTestCases" name="verifyRegistrationWithValidData" time="5.601"/>
  <testcase classname="testcases.RegisterTestCases" name="VerifyRegistrationBlankData" time="0.0">
    <ignored/>
  </testcase> <!-- VerifyRegistrationBlankData -->
</testsuite> <!-- Default test -->
