<?xml version="1.0" encoding="UTF-8"?>
<testng-results ignored="1" total="2" passed="1" failed="0" skipped="0">
  <reporter-output>
  </reporter-output>
  <suite started-at="2026-04-15T12:24:31 IST" name="Default suite" finished-at="2026-04-15T12:24:43 IST" duration-ms="12004">
    <groups>
    </groups>
    <test started-at="2026-04-15T12:24:31 IST" name="Default test" finished-at="2026-04-15T12:24:43 IST" duration-ms="12004">
      <class name="testcases.RegisterTestCases">
        <test-method is-config="true" signature="Launchbrowser()[pri:0, instance:testcases.RegisterTestCases@6025e1b6]" started-at="2026-04-15T12:24:31 IST" name="Launchbrowser" finished-at="2026-04-15T12:24:37 IST" duration-ms="6348" status="PASS">
          <reporter-output>
          </reporter-output>
        </test-method> <!-- Launchbrowser -->
        <test-method signature="verifyRegistrationWithValidData()[pri:0, instance:testcases.RegisterTestCases@6025e1b6]" started-at="2026-04-15T12:24:37 IST" name="verifyRegistrationWithValidData" finished-at="2026-04-15T12:24:43 IST" duration-ms="5601" status="PASS">
          <reporter-output>
          </reporter-output>
        </test-method> <!-- verifyRegistrationWithValidData -->
      </class> <!-- testcases.RegisterTestCases -->
    </test> <!-- Default test -->
  </suite> <!-- Default suite -->
</testng-results>
